<?xml version="1.0" encoding="UTF-8"?>
<!-- Generated by org.testng.reporters.JUnitReportReporter -->
<testsuite skipped="0" hostname="LAPTOP-P9GUGNMQ" name="com.harut.test.CreerEtSupprimer" tests="2" failures="0" timestamp="2020-08-31T13:27:07 EDT" time="49.774" errors="0">
  <testcase name="SupprimerCategorie" time="23.234" classname="com.harut.test.CreerEtSupprimer"/>
  <system-out/>
  <testcase name="CreeCategorie" time="26.540" classname="com.harut.test.CreerEtSupprimer"/>
  <system-out/>
</testsuite> <!-- com.harut.test.CreerEtSupprimer -->
